<?xml version="1.0" encoding="UTF-8"?>
<!-- Generated by org.testng.reporters.JUnitReportReporter -->
<testsuite hostname="mathu-pc" name="testngFiles.Sample" tests="1" failures="0" timestamp="6 Aug 2018 19:11:50 GMT" time="0.026" errors="0">
  <testcase name="runMethod" time="0.026" classname="testngFiles.Sample"/>
</testsuite> <!-- testngFiles.Sample -->
